
=== Thu Jun  3 13:07:47 2021

Packages were changed.
Update Mode: updateDependencies

The following packages were added:
  com.unity.2d.sprite@1.0.0
  com.unity.2d.tilemap@1.0.0
  com.unity.ide.rider@1.1.4
  com.unity.ide.vscode@1.2.1
  com.unity.modules.androidjni@1.0.0
  com.unity.test-framework@1.1.14
  com.unity.ugui@1.0.0
The following packages were updated:
  com.unity.ads from version 2.0.8 to 3.4.7
  com.unity.analytics from version 3.3.2 to 3.3.5
  com.unity.textmeshpro from version 2.0.0 to 2.0.1
  com.unity.timeline from version 1.0.0 to 1.2.6
  com.unity.xr.arcore from version 2.1.2 to 2.1.8
  com.unity.xr.arfoundation from version 2.1.4 to 2.1.8
  com.unity.xr.arkit from version 2.1.2 to 2.1.9
The following packages were removed:
  com.unity.package-manager-ui@2.1.2

=== Thu Jun  3 18:25:01 2021

Packages were changed.
Update Mode: resetToDefaultDependencies

The following packages were updated:
  com.unity.test-framework from version 1.1.26 to 1.1.14
  com.unity.timeline from version 1.2.6 to 1.2.15
The following packages were removed:
  com.unity.2d.sprite@1.0.0
  com.unity.2d.tilemap@1.0.0
  com.unity.analytics@3.3.5
  com.unity.purchasing@2.0.6
  com.unity.xr.arcore@2.1.18
  com.unity.xr.arfoundation@2.1.18
  com.unity.xr.arkit@2.1.10
  com.unity.xr.management@3.2.16

=== Thu Jun  3 19:06:41 2021

Packages were changed.
Update Mode: resetToDefaultDependencies

The following packages were removed:
  com.unity.xr.arcore@2.1.18
  com.unity.xr.arfoundation@2.1.18
  com.unity.xr.arkit@2.1.18
  com.unity.xr.management@3.2.15

=== Thu Jun  3 19:16:46 2021

Packages were changed.
Update Mode: updateDependencies

The following packages were updated:
  com.unity.ide.rider from version 1.1.4 to 1.2.1
  com.unity.ide.vscode from version 1.2.1 to 1.2.3
  com.unity.test-framework from version 1.1.14 to 1.1.24
  com.unity.textmeshpro from version 2.0.1 to 2.1.4
  com.unity.timeline from version 1.2.15 to 1.2.18
  com.unity.xr.management from version 3.2.16 to 4.0.1
